Count of values read: 0000052f
Count of unique values read: 00000064
Maximum line sum: 00000003b1f2a980
020d9e3a:0000000f
02267dac:00000018
023f6ef0:0000000c
024cf2ca:0000000b
03c8233a:0000000c
04cd225f:0000000c
06950598:00000009
06c5df68:0000000d
07c0f2b4:00000012
081d3946:0000000d
09fae1b5:00000008
0b89229c:0000000d
0c8435b1:00000008
10d64600:0000000e
12390e6a:00000008
12636179:0000000c
126b51fc:0000000b
129201f3:00000012
1503971f:0000000f
15880e4b:00000008
170055ff:00000006
17ca8889:0000000f
17e741ca:0000000e
181eee3f:0000000d
18d59b31:0000000b
1973bb73:0000000c
1b3404ca:0000000b
1c384c26:0000000d
1c971c3f:0000000a
1d5c1b42:0000000b
1d7e9bff:00000010
200d8e22:00000012
215a2852:0000000c
21b1e12d:00000009
21fb286b:0000000e
220f2213:00000008
22a547f0:00000008
23b0c353:00000013
24baafc8:0000000c
257ce394:00000011
26b64435:00000012
2738a4e7:0000000e
2a22cce9:0000000e
2c1dce9c:00000007
2c24c74d:00000008
2c56ea28:0000000d
306a970b:0000000a
3098754b:00000010
3132e76e:0000000e
31b0b8e9:00000011
3283171f:0000000a
330bc216:0000000e
332d288c:0000000e
33d38713:00000012
34d37814:0000000e
369f981e:00000017
370f7ba6:00000010
38858720:0000000c
39017f36:0000000e
395ebe60:00000010
3d168a9c:0000000d
3df84e8e:0000000e
3e968f48:0000000d
3f042fdd:00000012
3fa062cc:00000012
41072581:00000011
410c90f8:00000015
41115157:0000000e
436f9984:0000000c
44079522:0000000a
446d4572:0000000e
46848773:0000000b
4970e012:0000000e
4be9b19e:00000012
4e74c180:0000000a
5423f59c:0000000f
5477b53d:0000000b
59e5a81d:00000011
5f7668dd:0000000c
61c3a5b3:0000000d
63a6b49d:00000009
69fe98e3:00000008
6dc7b889:0000000f
72b2b3be:0000000b
74692f09:0000000f
7ac48d96:00000014
7c59ac68:0000000c
7d0f85d8:0000000a
7e6eb52b:00000009
7f7cbce3:00000009
853cf3f3:0000000f
85d486d7:0000000e
89d3512a:00000011
8aade7b8:0000000f
901c51c4:0000000c
9c4a7361:0000000f
9dead7ba:0000000e
a4ea38a5:0000000e
abd98eb4:0000000e
ad818df2:00000009
Done
