Count of values read: 00001fcd
Count of unique values read: 00000032
Maximum line sum: 00000004e6ab3cc5
028263c9:000000b2
03470044:0000009f
04036018:000000a5
0423ac38:000000a7
04442cc9:000000aa
085613bd:000000b7
09b6ec53:000000a7
09bd1d89:000000a4
0cd52d45:00000097
0db130df:000000b4
0e1918fe:00000097
0e66946d:000000ae
11220337:000000a8
12e56038:0000009f
1ace51fb:000000a2
1b004d50:000000b2
206ee7cc:00000094
20c334e1:000000ab
21c59d7f:000000a1
2472fb9c:000000a2
256bb10e:000000a7
2789ff26:00000096
29152034:000000ad
2df24658:0000009f
2f07d2aa:000000b2
33b8b92d:00000095
36c9d134:000000b2
38746e33:0000009d
3a9d4f09:0000009b
3d85acd9:000000a8
4ad60f1a:0000008b
4c34f1fb:0000008d
4eb55945:000000b3
56bb9c3b:0000009e
5a6f9564:000000a2
5a9a7927:0000008c
5baa29ee:000000a0
5d4419db:0000009f
60df9776:000000ab
6340fdee:0000009d
64e11835:00000091
68d93034:000000a2
6b4a2e75:000000b0
6e4e684a:0000009c
70a18947:00000090
715a5fc9:000000ae
75010a38:00000094
78e7a303:000000b5
a754c5cc:000000b2
d165fa12:0000009f
Done
